LOG: 2025-05-07 17:39:16.959Z
ReferenceError: headingMaxLen is not defined
ChIJ1Z2WTfQNRIgRx6i4mt041-w
ZENSHI Handcrafted Sushi
Morehead, KY
********************************************************************************

LOG: 2025-05-07 17:47:31.503Z
ReferenceError: headingMaxLen is not defined
ChIJ1Z2WTfQNRIgRx6i4mt041-w
ZENSHI Handcrafted Sushi
Morehead, KY
********************************************************************************

LOG: 2025-05-07 17:47:39.079Z
ReferenceError: headingMaxLen is not defined
ChIJuYZIXBMNRIgRyDNc40RIf_U
Bento Sushi
Morehead, KY
********************************************************************************

LOG: 2025-05-07 17:51:07.893Z
ReferenceError: headingMaxLen is not defined
ChIJ1Z2WTfQNRIgRx6i4mt041-w
ZENSHI Handcrafted Sushi
Morehead, KY
********************************************************************************

LOG: 2025-05-07 17:51:18.562Z
ReferenceError: headingMaxLen is not defined
ChIJuYZIXBMNRIgRyDNc40RIf_U
Bento Sushi
Morehead, KY
********************************************************************************
********* READ *************
